ℹ️  🔧 Normalizing ESP for Secure Boot: out/esp/esp.img
ℹ️  Using shim: /usr/lib/shim/shimx64.efi.signed
ℹ️  Using MokManager/mmx64: /usr/lib/shim/mmx64.efi
ℹ️  Ensuring directory structure via mtools...
ℹ️  Directory ::/EFI exists; skipping
ℹ️  Directory ::/EFI/BOOT exists; skipping
ℹ️  Copying shim to EFI/BOOT/BOOTX64.EFI via mtools...
✅ BOOTX64.EFI updated
ℹ️  Copying MokManager to EFI/BOOT/mmx64.efi via mtools...
ℹ️  Removing EFI/ubuntu tree from ESP via mtools (if present) ...
ℹ️  No EFI/ubuntu directory present
✅ ESP normalized for Secure Boot (shim default)
ℹ️  Log: out/logs/esp-normalize-secure.log
ℹ️  🔧 Normalizing ESP for Secure Boot: out/esp/esp.img
ℹ️  Using shim: /usr/lib/shim/shimx64.efi.signed
ℹ️  Using MokManager/mmx64: /usr/lib/shim/mmx64.efi
ℹ️  Ensuring directory structure via mtools...
ℹ️  Directory ::/EFI exists; skipping
ℹ️  Directory ::/EFI/BOOT exists; skipping
ℹ️  Copying shim to EFI/BOOT/BOOTX64.EFI via mtools...
✅ BOOTX64.EFI updated
ℹ️  Copying MokManager to EFI/BOOT/mmx64.efi via mtools...
ℹ️  Removing EFI/ubuntu tree from ESP via mtools (if present) ...
ℹ️  No EFI/ubuntu directory present
✅ ESP normalized for Secure Boot (shim default)
ℹ️  Log: out/logs/esp-normalize-secure.log
ℹ️  🔧 Normalizing ESP for Secure Boot: out/esp/esp.img
ℹ️  Using shim: /usr/lib/shim/shimx64.efi.signed
ℹ️  Using MokManager/mmx64: /usr/lib/shim/mmx64.efi
ℹ️  Ensuring directory structure via mtools...
ℹ️  Directory ::/EFI exists; skipping
ℹ️  Directory ::/EFI/BOOT exists; skipping
ℹ️  Copying shim to EFI/BOOT/BOOTX64.EFI via mtools...
✅ BOOTX64.EFI updated
ℹ️  Copying MokManager to EFI/BOOT/mmx64.efi via mtools...
ℹ️  Removing EFI/ubuntu tree from ESP via mtools (if present) ...
ℹ️  No EFI/ubuntu directory present
✅ ESP normalized for Secure Boot (shim default)
ℹ️  Log: out/logs/esp-normalize-secure.log
ℹ️  🔧 Normalizing ESP for Secure Boot: out/esp/esp.img
ℹ️  Using shim: /usr/lib/shim/shimx64.efi.signed
ℹ️  Using MokManager/mmx64: /usr/lib/shim/mmx64.efi
ℹ️  Ensuring directory structure via mtools...
ℹ️  Directory ::/EFI exists; skipping
ℹ️  Directory ::/EFI/BOOT exists; skipping
ℹ️  Copying shim to EFI/BOOT/BOOTX64.EFI via mtools...
✅ BOOTX64.EFI updated
ℹ️  Copying MokManager to EFI/BOOT/mmx64.efi via mtools...
ℹ️  Removing EFI/ubuntu tree from ESP via mtools (if present) ...
ℹ️  No EFI/ubuntu directory present
✅ ESP normalized for Secure Boot (shim default)
ℹ️  Log: out/logs/esp-normalize-secure.log
ℹ️  🔧 Normalizing ESP for Secure Boot: out/esp/esp.img
ℹ️  Using shim: /usr/lib/shim/shimx64.efi.signed
ℹ️  Using MokManager/mmx64: /usr/lib/shim/mmx64.efi
ℹ️  Ensuring directory structure via mtools...
ℹ️  Directory ::/EFI exists; skipping
ℹ️  Directory ::/EFI/BOOT exists; skipping
ℹ️  Copying shim to EFI/BOOT/BOOTX64.EFI via mtools...
✅ BOOTX64.EFI updated
ℹ️  Copying MokManager to EFI/BOOT/mmx64.efi via mtools...
ℹ️  Removing EFI/ubuntu tree from ESP via mtools (if present) ...
ℹ️  No EFI/ubuntu directory present
✅ ESP normalized for Secure Boot (shim default)
ℹ️  Log: out/logs/esp-normalize-secure.log
ℹ️  🔧 Normalizing ESP for Secure Boot: out/esp/esp.img
ℹ️  Using shim: /usr/lib/shim/shimx64.efi.signed
ℹ️  Using MokManager/mmx64: /usr/lib/shim/mmx64.efi
ℹ️  Ensuring directory structure via mtools...
ℹ️  Directory ::/EFI exists; skipping
ℹ️  Directory ::/EFI/BOOT exists; skipping
ℹ️  Copying shim to EFI/BOOT/BOOTX64.EFI via mtools...
✅ BOOTX64.EFI updated
ℹ️  Copying MokManager to EFI/BOOT/mmx64.efi via mtools...
ℹ️  Removing EFI/ubuntu tree from ESP via mtools (if present) ...
ℹ️  No EFI/ubuntu directory present
✅ ESP normalized for Secure Boot (shim default)
ℹ️  Log: out/logs/esp-normalize-secure.log
